<?xml version="1.0" encoding="UTF-8"?>
<!-- Generated by org.testng.reporters.JUnitXMLReporter -->
<testsuite ignored="0" hostname="Dell" failures="0" tests="6" name="Default test" time="12.962" errors="0" timestamp="2021-07-13T11:14:43 IST">
  <testcase classname="APIBookStore.APIBookStore.TC_reqres_API" name="test_getUsers" time="7.264"/>
  <testcase classname="APIBookStore.APIBookStore.TC_reqres_API" name="test_addUser" time="1.675"/>
  <testcase classname="APIBookStore.APIBookStore.TC_reqres_API" name="test_getUser" time="0.394"/>
  <testcase classname="APIBookStore.APIBookStore.TC_reqres_API" name="test_UpdateUserDetails" time="0.732"/>
  <testcase classname="APIBookStore.APIBookStore.TC_reqres_API" name="test_DeleteUser" time="0.681"/>
  <testcase classname="APIBookStore.APIBookStore.BookstoreRequest" name="getBooks" time="2.069"/>
</testsuite> <!-- Default test -->
