<?xml version="1.0" encoding="UTF-8"?>
<!-- Generated by org.testng.reporters.JUnitXMLReporter -->
<testsuite hostname="Dell" ignored="0" name="Test" tests="6" failures="0" timestamp="2021-07-13T16:23:50 IST" time="16.328" errors="0">
  <testcase name="getBooks" time="9.111" classname="APIBookStore.APIBookStore.BookstoreRequest"/>
  <testcase name="test_getUsers" time="1.372" classname="APIBookStore.APIBookStore.TC_reqres_API"/>
  <testcase name="test_addUser" time="2.868" classname="APIBookStore.APIBookStore.TC_reqres_API"/>
  <testcase name="test_getUser" time="0.789" classname="APIBookStore.APIBookStore.TC_reqres_API"/>
  <testcase name="test_UpdateUserDetails" time="0.996" classname="APIBookStore.APIBookStore.TC_reqres_API"/>
  <testcase name="test_DeleteUser" time="1.019" classname="APIBookStore.APIBookStore.TC_reqres_API"/>
</testsuite> <!-- Test -->
