<?xml version="1.0" encoding="UTF-8"?>
<testng-results skipped="0" failed="0" ignored="0" total="6" passed="6">
  <reporter-output>
  </reporter-output>
  <suite name="Suite" duration-ms="16328" started-at="2021-07-13T16:23:33 IST" finished-at="2021-07-13T16:23:50 IST">
    <groups>
    </groups>
    <test name="Test" duration-ms="16328" started-at="2021-07-13T16:23:33 IST" finished-at="2021-07-13T16:23:50 IST">
      <class name="APIBookStore.APIBookStore.TC_reqres_API">
        <test-method status="PASS" signature="test_getUsers()[pri:1, instance:APIBookStore.APIBookStore.TC_reqres_API@d8355a8]" name="test_getUsers" duration-ms="1372" started-at="2021-07-13T16:23:43 IST" finished-at="2021-07-13T16:23:44 IST">
          <reporter-output>
          </reporter-output>
        </test-method> <!-- test_getUsers -->
        <test-method status="PASS" signature="test_addUser()[pri:2, instance:APIBookStore.APIBookStore.TC_reqres_API@d8355a8]" name="test_addUser" duration-ms="2868" started-at="2021-07-13T16:23:44 IST" finished-at="2021-07-13T16:23:47 IST">
          <reporter-output>
          </reporter-output>
        </test-method> <!-- test_addUser -->
        <test-method status="PASS" signature="test_getUser()[pri:3, instance:APIBookStore.APIBookStore.TC_reqres_API@d8355a8]" name="test_getUser" duration-ms="789" started-at="2021-07-13T16:23:47 IST" finished-at="2021-07-13T16:23:48 IST">
          <reporter-output>
          </reporter-output>
        </test-method> <!-- test_getUser -->
        <test-method status="PASS" signature="test_UpdateUserDetails()[pri:4, instance:APIBookStore.APIBookStore.TC_reqres_API@d8355a8]" name="test_UpdateUserDetails" duration-ms="996" started-at="2021-07-13T16:23:48 IST" finished-at="2021-07-13T16:23:49 IST">
          <reporter-output>
          </reporter-output>
        </test-method> <!-- test_UpdateUserDetails -->
        <test-method status="PASS" signature="test_DeleteUser()[pri:5, instance:APIBookStore.APIBookStore.TC_reqres_API@d8355a8]" name="test_DeleteUser" duration-ms="1019" started-at="2021-07-13T16:23:49 IST" finished-at="2021-07-13T16:23:50 IST">
          <reporter-output>
          </reporter-output>
        </test-method> <!-- test_DeleteUser -->
      </class> <!-- APIBookStore.APIBookStore.TC_reqres_API -->
      <class name="APIBookStore.APIBookStore.BookstoreRequest">
        <test-method status="PASS" signature="getBooks()[pri:0, instance:APIBookStore.APIBookStore.BookstoreRequest@46d56d67]" name="getBooks" duration-ms="9111" started-at="2021-07-13T16:23:33 IST" finished-at="2021-07-13T16:23:43 IST">
          <reporter-output>
          </reporter-output>
        </test-method> <!-- getBooks -->
      </class> <!-- APIBookStore.APIBookStore.BookstoreRequest -->
    </test> <!-- Test -->
  </suite> <!-- Suite -->
</testng-results>
