<?xml version="1.0" encoding="UTF-8"?>
<testng-results ignored="0" total="6" passed="6" failed="0" skipped="0">
  <reporter-output>
  </reporter-output>
  <suite started-at="2021-07-13T11:14:30 IST" name="Default suite" finished-at="2021-07-13T11:14:43 IST" duration-ms="12962">
    <groups>
    </groups>
    <test started-at="2021-07-13T11:14:30 IST" name="Default test" finished-at="2021-07-13T11:14:43 IST" duration-ms="12962">
      <class name="APIBookStore.APIBookStore.TC_reqres_API">
        <test-method signature="test_getUsers()[pri:1, instance:APIBookStore.APIBookStore.TC_reqres_API@19d481b]" started-at="2021-07-13T11:14:30 IST" name="test_getUsers" finished-at="2021-07-13T11:14:37 IST" duration-ms="7264" status="PASS">
          <reporter-output>
          </reporter-output>
        </test-method> <!-- test_getUsers -->
        <test-method signature="test_addUser()[pri:2, instance:APIBookStore.APIBookStore.TC_reqres_API@19d481b]" started-at="2021-07-13T11:14:37 IST" name="test_addUser" finished-at="2021-07-13T11:14:39 IST" duration-ms="1675" status="PASS">
          <reporter-output>
          </reporter-output>
        </test-method> <!-- test_addUser -->
        <test-method signature="test_getUser()[pri:3, instance:APIBookStore.APIBookStore.TC_reqres_API@19d481b]" started-at="2021-07-13T11:14:39 IST" name="test_getUser" finished-at="2021-07-13T11:14:39 IST" duration-ms="394" status="PASS">
          <reporter-output>
          </reporter-output>
        </test-method> <!-- test_getUser -->
        <test-method signature="test_UpdateUserDetails()[pri:4, instance:APIBookStore.APIBookStore.TC_reqres_API@19d481b]" started-at="2021-07-13T11:14:39 IST" name="test_UpdateUserDetails" finished-at="2021-07-13T11:14:40 IST" duration-ms="732" status="PASS">
          <reporter-output>
          </reporter-output>
        </test-method> <!-- test_UpdateUserDetails -->
        <test-method signature="test_DeleteUser()[pri:5, instance:APIBookStore.APIBookStore.TC_reqres_API@19d481b]" started-at="2021-07-13T11:14:40 IST" name="test_DeleteUser" finished-at="2021-07-13T11:14:41 IST" duration-ms="681" status="PASS">
          <reporter-output>
          </reporter-output>
        </test-method> <!-- test_DeleteUser -->
      </class> <!-- APIBookStore.APIBookStore.TC_reqres_API -->
      <class name="APIBookStore.APIBookStore.BookstoreRequest">
        <test-method signature="getBooks()[pri:0, instance:APIBookStore.APIBookStore.BookstoreRequest@1f97cf0d]" started-at="2021-07-13T11:14:41 IST" name="getBooks" finished-at="2021-07-13T11:14:43 IST" duration-ms="2069" status="PASS">
          <reporter-output>
          </reporter-output>
        </test-method> <!-- getBooks -->
      </class> <!-- APIBookStore.APIBookStore.BookstoreRequest -->
    </test> <!-- Default test -->
  </suite> <!-- Default suite -->
</testng-results>
